<?xml version="1.0" encoding="UTF-8"?>
<!-- Generated by org.testng.reporters.JUnitReportReporter -->
<testsuite hostname="DESKTOP-81BQ12U" failures="0" tests="1" name="PS1" time="0.014" errors="0" timestamp="2023-08-22T18:31:30 IST" skipped="0">
  <testcase classname="PS1" name="testRun" time="0.014"/>
</testsuite> <!-- PS1 -->
